2017-08-08 00:22:11,642 - Log4JLogChute initialized using file 'velocity.log'
2017-08-08 00:22:11,643 - Velocity was not initialized! Calling init()...
2017-08-08 00:22:11,643 - Starting Apache Velocity v1.5 (compiled: 2007-02-22 08:52:29)
2017-08-08 00:22:11,643 - Default Properties File: org\apache\velocity\runtime\defaults\velocity.properties
2017-08-08 00:22:11,643 - Trying to use logger class org.apache.velocity.runtime.log.AvalonLogChute
2017-08-08 00:22:11,644 - Couldn't find class org.apache.velocity.runtime.log.AvalonLogChute or necessary supporting classes in classpath.
java.lang.NoClassDefFoundError: org/apache/log/format/Formatter
	at java.lang.Class.forName0(Native Method)
	at java.lang.Class.forName(Class.java:348)
	at org.apache.velocity.util.ClassUtils.getClass(ClassUtils.java:63)
	at org.apache.velocity.util.ClassUtils.getNewInstance(ClassUtils.java:95)
	at org.apache.velocity.runtime.log.LogManager.createLogChute(LogManager.java:147)
	at org.apache.velocity.runtime.log.LogManager.updateLog(LogManager.java:208)
	at org.apache.velocity.runtime.RuntimeInstance.initializeLog(RuntimeInstance.java:728)
	at org.apache.velocity.runtime.RuntimeInstance.init(RuntimeInstance.java:240)
	at org.apache.velocity.runtime.RuntimeInstance.parse(RuntimeInstance.java:993)
	at org.apache.velocity.runtime.RuntimeInstance.parse(RuntimeInstance.java:972)
	at org.apache.velocity.runtime.RuntimeSingleton.parse(RuntimeSingleton.java:265)
	at org.apache.velocity.app.Velocity.evaluate(Velocity.java:274)
	at org.sonatype.mavenbook.weather.WeatherFormatter.format(WeatherFormatter.java:21)
	at org.sonatype.mavenbook.weather.WeatherFormatterTest.testFormat(WeatherFormatterTest.java:23)
	at sun.reflect.NativeMethodAccessorImpl.invoke0(Native Method)
	at sun.reflect.NativeMethodAccessorImpl.invoke(NativeMethodAccessorImpl.java:62)
	at sun.reflect.DelegatingMethodAccessorImpl.invoke(DelegatingMethodAccessorImpl.java:43)
	at java.lang.reflect.Method.invoke(Method.java:498)
	at junit.framework.TestCase.runTest(TestCase.java:154)
	at junit.framework.TestCase.runBare(TestCase.java:127)
	at junit.framework.TestResult$1.protect(TestResult.java:106)
	at junit.framework.TestResult.runProtected(TestResult.java:124)
	at junit.framework.TestResult.run(TestResult.java:109)
	at junit.framework.TestCase.run(TestCase.java:118)
	at junit.framework.TestSuite.runTest(TestSuite.java:208)
	at junit.framework.TestSuite.run(TestSuite.java:203)
	at sun.reflect.NativeMethodAccessorImpl.invoke0(Native Method)
	at sun.reflect.NativeMethodAccessorImpl.invoke(NativeMethodAccessorImpl.java:62)
	at sun.reflect.DelegatingMethodAccessorImpl.invoke(DelegatingMethodAccessorImpl.java:43)
	at java.lang.reflect.Method.invoke(Method.java:498)
	at org.apache.maven.surefire.junit.JUnitTestSet.execute(JUnitTestSet.java:95)
	at org.apache.maven.surefire.junit.JUnit3Provider.executeTestSet(JUnit3Provider.java:121)
	at org.apache.maven.surefire.junit.JUnit3Provider.invoke(JUnit3Provider.java:98)
	at sun.reflect.NativeMethodAccessorImpl.invoke0(Native Method)
	at sun.reflect.NativeMethodAccessorImpl.invoke(NativeMethodAccessorImpl.java:62)
	at sun.reflect.DelegatingMethodAccessorImpl.invoke(DelegatingMethodAccessorImpl.java:43)
	at java.lang.reflect.Method.invoke(Method.java:498)
	at org.apache.maven.surefire.util.ReflectionUtils.invokeMethodWithArray(ReflectionUtils.java:189)
	at org.apache.maven.surefire.booter.ProviderFactory$ProviderProxy.invoke(ProviderFactory.java:165)
	at org.apache.maven.surefire.booter.ProviderFactory.invokeProvider(ProviderFactory.java:85)
	at org.apache.maven.surefire.booter.ForkedBooter.runSuitesInProcess(ForkedBooter.java:115)
	at org.apache.maven.surefire.booter.ForkedBooter.main(ForkedBooter.java:75)
Caused by: java.lang.ClassNotFoundException: org.apache.log.format.Formatter
	at java.net.URLClassLoader.findClass(URLClassLoader.java:381)
	at java.lang.ClassLoader.loadClass(ClassLoader.java:424)
	at sun.misc.Launcher$AppClassLoader.loadClass(Launcher.java:335)
	at java.lang.ClassLoader.loadClass(ClassLoader.java:357)
	... 42 more
2017-08-08 00:22:11,647 - Trying to use logger class org.apache.velocity.runtime.log.Log4JLogChute
2017-08-08 00:22:11,647 - Using logger class org.apache.velocity.runtime.log.Log4JLogChute
2017-08-08 00:22:11,648 - Default ResourceManager initializing. (class org.apache.velocity.runtime.resource.ResourceManagerImpl)
2017-08-08 00:22:11,651 - ResourceLoader instantiated: org.apache.velocity.runtime.resource.loader.FileResourceLoader
2017-08-08 00:22:11,652 - Do unicode file recognition:  false
2017-08-08 00:22:11,652 - FileResourceLoader : adding path '.'
2017-08-08 00:22:11,661 - ResourceCache: initialized (class org.apache.velocity.runtime.resource.ResourceCacheImpl)
2017-08-08 00:22:11,662 - Loaded System Directive: org.apache.velocity.runtime.directive.Literal
2017-08-08 00:22:11,663 - Loaded System Directive: org.apache.velocity.runtime.directive.Macro
2017-08-08 00:22:11,664 - Loaded System Directive: org.apache.velocity.runtime.directive.Parse
2017-08-08 00:22:11,665 - Loaded System Directive: org.apache.velocity.runtime.directive.Include
2017-08-08 00:22:11,666 - Loaded System Directive: org.apache.velocity.runtime.directive.Foreach
2017-08-08 00:22:11,687 - Created '20' parsers.
2017-08-08 00:22:11,692 - Velocimacro : "velocimacro.library" is not set.  Trying default library: VM_global_library.vm
2017-08-08 00:22:11,693 - Velocimacro : Default library not found.
2017-08-08 00:22:11,693 - Velocimacro : allowInline = true : VMs can be defined inline in templates
2017-08-08 00:22:11,693 - Velocimacro : allowInlineToOverride = false : VMs defined inline may NOT replace previous VM definitions
2017-08-08 00:22:11,693 - Velocimacro : allowInlineLocal = false : VMs defined inline will be global in scope if allowed.
2017-08-08 00:22:11,693 - Velocimacro : autoload off : VM system will not automatically reload global library macros
2017-08-08 03:22:49,251 - Log4JLogChute initialized using file 'velocity.log'
2017-08-08 03:22:49,251 - Velocity was not initialized! Calling init()...
2017-08-08 03:22:49,251 - Starting Apache Velocity v1.5 (compiled: 2007-02-22 08:52:29)
2017-08-08 03:22:49,251 - Default Properties File: org\apache\velocity\runtime\defaults\velocity.properties
2017-08-08 03:22:49,251 - Trying to use logger class org.apache.velocity.runtime.log.AvalonLogChute
2017-08-08 03:22:49,253 - Couldn't find class org.apache.velocity.runtime.log.AvalonLogChute or necessary supporting classes in classpath.
java.lang.NoClassDefFoundError: org/apache/log/format/Formatter
	at java.lang.Class.forName0(Native Method)
	at java.lang.Class.forName(Class.java:348)
	at org.apache.velocity.util.ClassUtils.getClass(ClassUtils.java:63)
	at org.apache.velocity.util.ClassUtils.getNewInstance(ClassUtils.java:95)
	at org.apache.velocity.runtime.log.LogManager.createLogChute(LogManager.java:147)
	at org.apache.velocity.runtime.log.LogManager.updateLog(LogManager.java:208)
	at org.apache.velocity.runtime.RuntimeInstance.initializeLog(RuntimeInstance.java:728)
	at org.apache.velocity.runtime.RuntimeInstance.init(RuntimeInstance.java:240)
	at org.apache.velocity.runtime.RuntimeInstance.parse(RuntimeInstance.java:993)
	at org.apache.velocity.runtime.RuntimeInstance.parse(RuntimeInstance.java:972)
	at org.apache.velocity.runtime.RuntimeSingleton.parse(RuntimeSingleton.java:265)
	at org.apache.velocity.app.Velocity.evaluate(Velocity.java:274)
	at org.sonatype.mavenbook.weather.WeatherFormatter.format(WeatherFormatter.java:21)
	at org.sonatype.mavenbook.weather.WeatherFormatterTest.testFormat(WeatherFormatterTest.java:23)
	at sun.reflect.NativeMethodAccessorImpl.invoke0(Native Method)
	at sun.reflect.NativeMethodAccessorImpl.invoke(NativeMethodAccessorImpl.java:62)
	at sun.reflect.DelegatingMethodAccessorImpl.invoke(DelegatingMethodAccessorImpl.java:43)
	at java.lang.reflect.Method.invoke(Method.java:498)
	at junit.framework.TestCase.runTest(TestCase.java:154)
	at junit.framework.TestCase.runBare(TestCase.java:127)
	at junit.framework.TestResult$1.protect(TestResult.java:106)
	at junit.framework.TestResult.runProtected(TestResult.java:124)
	at junit.framework.TestResult.run(TestResult.java:109)
	at junit.framework.TestCase.run(TestCase.java:118)
	at junit.framework.TestSuite.runTest(TestSuite.java:208)
	at junit.framework.TestSuite.run(TestSuite.java:203)
	at sun.reflect.NativeMethodAccessorImpl.invoke0(Native Method)
	at sun.reflect.NativeMethodAccessorImpl.invoke(NativeMethodAccessorImpl.java:62)
	at sun.reflect.DelegatingMethodAccessorImpl.invoke(DelegatingMethodAccessorImpl.java:43)
	at java.lang.reflect.Method.invoke(Method.java:498)
	at org.apache.maven.surefire.junit.JUnitTestSet.execute(JUnitTestSet.java:95)
	at org.apache.maven.surefire.junit.JUnit3Provider.executeTestSet(JUnit3Provider.java:121)
	at org.apache.maven.surefire.junit.JUnit3Provider.invoke(JUnit3Provider.java:98)
	at sun.reflect.NativeMethodAccessorImpl.invoke0(Native Method)
	at sun.reflect.NativeMethodAccessorImpl.invoke(NativeMethodAccessorImpl.java:62)
	at sun.reflect.DelegatingMethodAccessorImpl.invoke(DelegatingMethodAccessorImpl.java:43)
	at java.lang.reflect.Method.invoke(Method.java:498)
	at org.apache.maven.surefire.util.ReflectionUtils.invokeMethodWithArray(ReflectionUtils.java:189)
	at org.apache.maven.surefire.booter.ProviderFactory$ProviderProxy.invoke(ProviderFactory.java:165)
	at org.apache.maven.surefire.booter.ProviderFactory.invokeProvider(ProviderFactory.java:85)
	at org.apache.maven.surefire.booter.ForkedBooter.runSuitesInProcess(ForkedBooter.java:115)
	at org.apache.maven.surefire.booter.ForkedBooter.main(ForkedBooter.java:75)
Caused by: java.lang.ClassNotFoundException: org.apache.log.format.Formatter
	at java.net.URLClassLoader.findClass(URLClassLoader.java:381)
	at java.lang.ClassLoader.loadClass(ClassLoader.java:424)
	at sun.misc.Launcher$AppClassLoader.loadClass(Launcher.java:335)
	at java.lang.ClassLoader.loadClass(ClassLoader.java:357)
	... 42 more
2017-08-08 03:22:49,255 - Trying to use logger class org.apache.velocity.runtime.log.Log4JLogChute
2017-08-08 03:22:49,255 - Using logger class org.apache.velocity.runtime.log.Log4JLogChute
2017-08-08 03:22:49,257 - Default ResourceManager initializing. (class org.apache.velocity.runtime.resource.ResourceManagerImpl)
2017-08-08 03:22:49,260 - ResourceLoader instantiated: org.apache.velocity.runtime.resource.loader.FileResourceLoader
2017-08-08 03:22:49,261 - Do unicode file recognition:  false
2017-08-08 03:22:49,261 - FileResourceLoader : adding path '.'
2017-08-08 03:22:49,271 - ResourceCache: initialized (class org.apache.velocity.runtime.resource.ResourceCacheImpl)
2017-08-08 03:22:49,272 - Loaded System Directive: org.apache.velocity.runtime.directive.Literal
2017-08-08 03:22:49,273 - Loaded System Directive: org.apache.velocity.runtime.directive.Macro
2017-08-08 03:22:49,274 - Loaded System Directive: org.apache.velocity.runtime.directive.Parse
2017-08-08 03:22:49,275 - Loaded System Directive: org.apache.velocity.runtime.directive.Include
2017-08-08 03:22:49,276 - Loaded System Directive: org.apache.velocity.runtime.directive.Foreach
2017-08-08 03:22:49,297 - Created '20' parsers.
2017-08-08 03:22:49,302 - Velocimacro : "velocimacro.library" is not set.  Trying default library: VM_global_library.vm
2017-08-08 03:22:49,302 - Velocimacro : Default library not found.
2017-08-08 03:22:49,302 - Velocimacro : allowInline = true : VMs can be defined inline in templates
2017-08-08 03:22:49,302 - Velocimacro : allowInlineToOverride = false : VMs defined inline may NOT replace previous VM definitions
2017-08-08 03:22:49,302 - Velocimacro : allowInlineLocal = false : VMs defined inline will be global in scope if allowed.
2017-08-08 03:22:49,302 - Velocimacro : autoload off : VM system will not automatically reload global library macros
2017-08-08 03:29:58,013 - Log4JLogChute initialized using file 'velocity.log'
2017-08-08 03:29:58,014 - Velocity was not initialized! Calling init()...
2017-08-08 03:29:58,014 - Starting Apache Velocity v1.5 (compiled: 2007-02-22 08:52:29)
2017-08-08 03:29:58,014 - Default Properties File: org\apache\velocity\runtime\defaults\velocity.properties
2017-08-08 03:29:58,014 - Trying to use logger class org.apache.velocity.runtime.log.AvalonLogChute
2017-08-08 03:29:58,015 - Couldn't find class org.apache.velocity.runtime.log.AvalonLogChute or necessary supporting classes in classpath.
java.lang.NoClassDefFoundError: org/apache/log/format/Formatter
	at java.lang.Class.forName0(Native Method)
	at java.lang.Class.forName(Class.java:348)
	at org.apache.velocity.util.ClassUtils.getClass(ClassUtils.java:63)
	at org.apache.velocity.util.ClassUtils.getNewInstance(ClassUtils.java:95)
	at org.apache.velocity.runtime.log.LogManager.createLogChute(LogManager.java:147)
	at org.apache.velocity.runtime.log.LogManager.updateLog(LogManager.java:208)
	at org.apache.velocity.runtime.RuntimeInstance.initializeLog(RuntimeInstance.java:728)
	at org.apache.velocity.runtime.RuntimeInstance.init(RuntimeInstance.java:240)
	at org.apache.velocity.runtime.RuntimeInstance.parse(RuntimeInstance.java:993)
	at org.apache.velocity.runtime.RuntimeInstance.parse(RuntimeInstance.java:972)
	at org.apache.velocity.runtime.RuntimeSingleton.parse(RuntimeSingleton.java:265)
	at org.apache.velocity.app.Velocity.evaluate(Velocity.java:274)
	at org.sonatype.mavenbook.weather.WeatherFormatter.format(WeatherFormatter.java:21)
	at org.sonatype.mavenbook.weather.WeatherFormatterTest.testFormat(WeatherFormatterTest.java:23)
	at sun.reflect.NativeMethodAccessorImpl.invoke0(Native Method)
	at sun.reflect.NativeMethodAccessorImpl.invoke(NativeMethodAccessorImpl.java:62)
	at sun.reflect.DelegatingMethodAccessorImpl.invoke(DelegatingMethodAccessorImpl.java:43)
	at java.lang.reflect.Method.invoke(Method.java:498)
	at junit.framework.TestCase.runTest(TestCase.java:154)
	at junit.framework.TestCase.runBare(TestCase.java:127)
	at junit.framework.TestResult$1.protect(TestResult.java:106)
	at junit.framework.TestResult.runProtected(TestResult.java:124)
	at junit.framework.TestResult.run(TestResult.java:109)
	at junit.framework.TestCase.run(TestCase.java:118)
	at junit.framework.TestSuite.runTest(TestSuite.java:208)
	at junit.framework.TestSuite.run(TestSuite.java:203)
	at sun.reflect.NativeMethodAccessorImpl.invoke0(Native Method)
	at sun.reflect.NativeMethodAccessorImpl.invoke(NativeMethodAccessorImpl.java:62)
	at sun.reflect.DelegatingMethodAccessorImpl.invoke(DelegatingMethodAccessorImpl.java:43)
	at java.lang.reflect.Method.invoke(Method.java:498)
	at org.apache.maven.surefire.junit.JUnitTestSet.execute(JUnitTestSet.java:95)
	at org.apache.maven.surefire.junit.JUnit3Provider.executeTestSet(JUnit3Provider.java:121)
	at org.apache.maven.surefire.junit.JUnit3Provider.invoke(JUnit3Provider.java:98)
	at sun.reflect.NativeMethodAccessorImpl.invoke0(Native Method)
	at sun.reflect.NativeMethodAccessorImpl.invoke(NativeMethodAccessorImpl.java:62)
	at sun.reflect.DelegatingMethodAccessorImpl.invoke(DelegatingMethodAccessorImpl.java:43)
	at java.lang.reflect.Method.invoke(Method.java:498)
	at org.apache.maven.surefire.util.ReflectionUtils.invokeMethodWithArray(ReflectionUtils.java:189)
	at org.apache.maven.surefire.booter.ProviderFactory$ProviderProxy.invoke(ProviderFactory.java:165)
	at org.apache.maven.surefire.booter.ProviderFactory.invokeProvider(ProviderFactory.java:85)
	at org.apache.maven.surefire.booter.ForkedBooter.runSuitesInProcess(ForkedBooter.java:115)
	at org.apache.maven.surefire.booter.ForkedBooter.main(ForkedBooter.java:75)
Caused by: java.lang.ClassNotFoundException: org.apache.log.format.Formatter
	at java.net.URLClassLoader.findClass(URLClassLoader.java:381)
	at java.lang.ClassLoader.loadClass(ClassLoader.java:424)
	at sun.misc.Launcher$AppClassLoader.loadClass(Launcher.java:335)
	at java.lang.ClassLoader.loadClass(ClassLoader.java:357)
	... 42 more
2017-08-08 03:29:58,017 - Trying to use logger class org.apache.velocity.runtime.log.Log4JLogChute
2017-08-08 03:29:58,017 - Using logger class org.apache.velocity.runtime.log.Log4JLogChute
2017-08-08 03:29:58,019 - Default ResourceManager initializing. (class org.apache.velocity.runtime.resource.ResourceManagerImpl)
2017-08-08 03:29:58,021 - ResourceLoader instantiated: org.apache.velocity.runtime.resource.loader.FileResourceLoader
2017-08-08 03:29:58,022 - Do unicode file recognition:  false
2017-08-08 03:29:58,022 - FileResourceLoader : adding path '.'
2017-08-08 03:29:58,032 - ResourceCache: initialized (class org.apache.velocity.runtime.resource.ResourceCacheImpl)
2017-08-08 03:29:58,033 - Loaded System Directive: org.apache.velocity.runtime.directive.Literal
2017-08-08 03:29:58,034 - Loaded System Directive: org.apache.velocity.runtime.directive.Macro
2017-08-08 03:29:58,035 - Loaded System Directive: org.apache.velocity.runtime.directive.Parse
2017-08-08 03:29:58,036 - Loaded System Directive: org.apache.velocity.runtime.directive.Include
2017-08-08 03:29:58,036 - Loaded System Directive: org.apache.velocity.runtime.directive.Foreach
2017-08-08 03:29:58,057 - Created '20' parsers.
2017-08-08 03:29:58,062 - Velocimacro : "velocimacro.library" is not set.  Trying default library: VM_global_library.vm
2017-08-08 03:29:58,063 - Velocimacro : Default library not found.
2017-08-08 03:29:58,063 - Velocimacro : allowInline = true : VMs can be defined inline in templates
2017-08-08 03:29:58,063 - Velocimacro : allowInlineToOverride = false : VMs defined inline may NOT replace previous VM definitions
2017-08-08 03:29:58,063 - Velocimacro : allowInlineLocal = false : VMs defined inline will be global in scope if allowed.
2017-08-08 03:29:58,063 - Velocimacro : autoload off : VM system will not automatically reload global library macros
2017-08-08 04:09:44,553 - Log4JLogChute initialized using file 'velocity.log'
2017-08-08 04:09:44,553 - Velocity was not initialized! Calling init()...
2017-08-08 04:09:44,553 - Starting Apache Velocity v1.5 (compiled: 2007-02-22 08:52:29)
2017-08-08 04:09:44,553 - Default Properties File: org\apache\velocity\runtime\defaults\velocity.properties
2017-08-08 04:09:44,553 - Trying to use logger class org.apache.velocity.runtime.log.AvalonLogChute
2017-08-08 04:09:44,553 - Couldn't find class org.apache.velocity.runtime.log.AvalonLogChute or necessary supporting classes in classpath.
java.lang.NoClassDefFoundError: org/apache/log/format/Formatter
	at java.lang.Class.forName0(Native Method)
	at java.lang.Class.forName(Class.java:348)
	at org.apache.velocity.util.ClassUtils.getClass(ClassUtils.java:63)
	at org.apache.velocity.util.ClassUtils.getNewInstance(ClassUtils.java:95)
	at org.apache.velocity.runtime.log.LogManager.createLogChute(LogManager.java:147)
	at org.apache.velocity.runtime.log.LogManager.updateLog(LogManager.java:208)
	at org.apache.velocity.runtime.RuntimeInstance.initializeLog(RuntimeInstance.java:728)
	at org.apache.velocity.runtime.RuntimeInstance.init(RuntimeInstance.java:240)
	at org.apache.velocity.runtime.RuntimeInstance.parse(RuntimeInstance.java:993)
	at org.apache.velocity.runtime.RuntimeInstance.parse(RuntimeInstance.java:972)
	at org.apache.velocity.runtime.RuntimeSingleton.parse(RuntimeSingleton.java:265)
	at org.apache.velocity.app.Velocity.evaluate(Velocity.java:274)
	at org.sonatype.mavenbook.weather.WeatherFormatter.format(WeatherFormatter.java:21)
	at org.sonatype.mavenbook.weather.WeatherFormatterTest.testFormat(WeatherFormatterTest.java:23)
	at sun.reflect.NativeMethodAccessorImpl.invoke0(Native Method)
	at sun.reflect.NativeMethodAccessorImpl.invoke(NativeMethodAccessorImpl.java:62)
	at sun.reflect.DelegatingMethodAccessorImpl.invoke(DelegatingMethodAccessorImpl.java:43)
	at java.lang.reflect.Method.invoke(Method.java:498)
	at junit.framework.TestCase.runTest(TestCase.java:154)
	at junit.framework.TestCase.runBare(TestCase.java:127)
	at junit.framework.TestResult$1.protect(TestResult.java:106)
	at junit.framework.TestResult.runProtected(TestResult.java:124)
	at junit.framework.TestResult.run(TestResult.java:109)
	at junit.framework.TestCase.run(TestCase.java:118)
	at junit.framework.TestSuite.runTest(TestSuite.java:208)
	at junit.framework.TestSuite.run(TestSuite.java:203)
	at sun.reflect.NativeMethodAccessorImpl.invoke0(Native Method)
	at sun.reflect.NativeMethodAccessorImpl.invoke(NativeMethodAccessorImpl.java:62)
	at sun.reflect.DelegatingMethodAccessorImpl.invoke(DelegatingMethodAccessorImpl.java:43)
	at java.lang.reflect.Method.invoke(Method.java:498)
	at org.apache.maven.surefire.junit.JUnitTestSet.execute(JUnitTestSet.java:95)
	at org.apache.maven.surefire.junit.JUnit3Provider.executeTestSet(JUnit3Provider.java:121)
	at org.apache.maven.surefire.junit.JUnit3Provider.invoke(JUnit3Provider.java:98)
	at sun.reflect.NativeMethodAccessorImpl.invoke0(Native Method)
	at sun.reflect.NativeMethodAccessorImpl.invoke(NativeMethodAccessorImpl.java:62)
	at sun.reflect.DelegatingMethodAccessorImpl.invoke(DelegatingMethodAccessorImpl.java:43)
	at java.lang.reflect.Method.invoke(Method.java:498)
	at org.apache.maven.surefire.util.ReflectionUtils.invokeMethodWithArray(ReflectionUtils.java:189)
	at org.apache.maven.surefire.booter.ProviderFactory$ProviderProxy.invoke(ProviderFactory.java:165)
	at org.apache.maven.surefire.booter.ProviderFactory.invokeProvider(ProviderFactory.java:85)
	at org.apache.maven.surefire.booter.ForkedBooter.runSuitesInProcess(ForkedBooter.java:115)
	at org.apache.maven.surefire.booter.ForkedBooter.main(ForkedBooter.java:75)
Caused by: java.lang.ClassNotFoundException: org.apache.log.format.Formatter
	at java.net.URLClassLoader.findClass(URLClassLoader.java:381)
	at java.lang.ClassLoader.loadClass(ClassLoader.java:424)
	at sun.misc.Launcher$AppClassLoader.loadClass(Launcher.java:335)
	at java.lang.ClassLoader.loadClass(ClassLoader.java:357)
	... 42 more
2017-08-08 04:09:44,558 - Trying to use logger class org.apache.velocity.runtime.log.Log4JLogChute
2017-08-08 04:09:44,558 - Using logger class org.apache.velocity.runtime.log.Log4JLogChute
2017-08-08 04:09:44,558 - Default ResourceManager initializing. (class org.apache.velocity.runtime.resource.ResourceManagerImpl)
2017-08-08 04:09:44,563 - ResourceLoader instantiated: org.apache.velocity.runtime.resource.loader.FileResourceLoader
2017-08-08 04:09:44,563 - Do unicode file recognition:  false
2017-08-08 04:09:44,563 - FileResourceLoader : adding path '.'
2017-08-08 04:09:44,573 - ResourceCache: initialized (class org.apache.velocity.runtime.resource.ResourceCacheImpl)
2017-08-08 04:09:44,573 - Loaded System Directive: org.apache.velocity.runtime.directive.Literal
2017-08-08 04:09:44,578 - Loaded System Directive: org.apache.velocity.runtime.directive.Macro
2017-08-08 04:09:44,578 - Loaded System Directive: org.apache.velocity.runtime.directive.Parse
2017-08-08 04:09:44,578 - Loaded System Directive: org.apache.velocity.runtime.directive.Include
2017-08-08 04:09:44,578 - Loaded System Directive: org.apache.velocity.runtime.directive.Foreach
2017-08-08 04:09:44,598 - Created '20' parsers.
2017-08-08 04:09:44,603 - Velocimacro : "velocimacro.library" is not set.  Trying default library: VM_global_library.vm
2017-08-08 04:09:44,603 - Velocimacro : Default library not found.
2017-08-08 04:09:44,603 - Velocimacro : allowInline = true : VMs can be defined inline in templates
2017-08-08 04:09:44,603 - Velocimacro : allowInlineToOverride = false : VMs defined inline may NOT replace previous VM definitions
2017-08-08 04:09:44,603 - Velocimacro : allowInlineLocal = false : VMs defined inline will be global in scope if allowed.
2017-08-08 04:09:44,603 - Velocimacro : autoload off : VM system will not automatically reload global library macros
2017-08-19 22:11:59,434 - Log4JLogChute initialized using file 'velocity.log'
2017-08-19 22:11:59,456 - Velocity was not initialized! Calling init()...
2017-08-19 22:11:59,456 - Starting Apache Velocity v1.5 (compiled: 2007-02-22 08:52:29)
2017-08-19 22:11:59,456 - Default Properties File: org\apache\velocity\runtime\defaults\velocity.properties
2017-08-19 22:11:59,456 - Trying to use logger class org.apache.velocity.runtime.log.AvalonLogChute
2017-08-19 22:11:59,457 - Couldn't find class org.apache.velocity.runtime.log.AvalonLogChute or necessary supporting classes in classpath.
java.lang.NoClassDefFoundError: org/apache/log/format/Formatter
	at java.lang.Class.forName0(Native Method)
	at java.lang.Class.forName(Class.java:348)
	at org.apache.velocity.util.ClassUtils.getClass(ClassUtils.java:63)
	at org.apache.velocity.util.ClassUtils.getNewInstance(ClassUtils.java:95)
	at org.apache.velocity.runtime.log.LogManager.createLogChute(LogManager.java:147)
	at org.apache.velocity.runtime.log.LogManager.updateLog(LogManager.java:208)
	at org.apache.velocity.runtime.RuntimeInstance.initializeLog(RuntimeInstance.java:728)
	at org.apache.velocity.runtime.RuntimeInstance.init(RuntimeInstance.java:240)
	at org.apache.velocity.runtime.RuntimeInstance.parse(RuntimeInstance.java:993)
	at org.apache.velocity.runtime.RuntimeInstance.parse(RuntimeInstance.java:972)
	at org.apache.velocity.runtime.RuntimeSingleton.parse(RuntimeSingleton.java:265)
	at org.apache.velocity.app.Velocity.evaluate(Velocity.java:274)
	at org.sonatype.mavenbook.weather.service.WeatherFormatter.format(WeatherFormatter.java:22)
	at org.sonatype.mavenbook.weather.WeatherFormatterTest.testFormat(WeatherFormatterTest.java:26)
	at sun.reflect.NativeMethodAccessorImpl.invoke0(Native Method)
	at sun.reflect.NativeMethodAccessorImpl.invoke(NativeMethodAccessorImpl.java:62)
	at sun.reflect.DelegatingMethodAccessorImpl.invoke(DelegatingMethodAccessorImpl.java:43)
	at java.lang.reflect.Method.invoke(Method.java:498)
	at junit.framework.TestCase.runTest(TestCase.java:176)
	at junit.framework.TestCase.runBare(TestCase.java:141)
	at junit.framework.TestResult$1.protect(TestResult.java:122)
	at junit.framework.TestResult.runProtected(TestResult.java:142)
	at junit.framework.TestResult.run(TestResult.java:125)
	at junit.framework.TestCase.run(TestCase.java:129)
	at junit.framework.TestSuite.runTest(TestSuite.java:252)
	at junit.framework.TestSuite.run(TestSuite.java:247)
	at org.junit.internal.runners.JUnit38ClassRunner.run(JUnit38ClassRunner.java:86)
	at org.apache.maven.surefire.junit4.JUnit4Provider.execute(JUnit4Provider.java:252)
	at org.apache.maven.surefire.junit4.JUnit4Provider.executeTestSet(JUnit4Provider.java:141)
	at org.apache.maven.surefire.junit4.JUnit4Provider.invoke(JUnit4Provider.java:112)
	at sun.reflect.NativeMethodAccessorImpl.invoke0(Native Method)
	at sun.reflect.NativeMethodAccessorImpl.invoke(NativeMethodAccessorImpl.java:62)
	at sun.reflect.DelegatingMethodAccessorImpl.invoke(DelegatingMethodAccessorImpl.java:43)
	at java.lang.reflect.Method.invoke(Method.java:498)
	at org.apache.maven.surefire.util.ReflectionUtils.invokeMethodWithArray(ReflectionUtils.java:189)
	at org.apache.maven.surefire.booter.ProviderFactory$ProviderProxy.invoke(ProviderFactory.java:165)
	at org.apache.maven.surefire.booter.ProviderFactory.invokeProvider(ProviderFactory.java:85)
	at org.apache.maven.surefire.booter.ForkedBooter.runSuitesInProcess(ForkedBooter.java:115)
	at org.apache.maven.surefire.booter.ForkedBooter.main(ForkedBooter.java:75)
Caused by: java.lang.ClassNotFoundException: org.apache.log.format.Formatter
	at java.net.URLClassLoader.findClass(URLClassLoader.java:381)
	at java.lang.ClassLoader.loadClass(ClassLoader.java:424)
	at sun.misc.Launcher$AppClassLoader.loadClass(Launcher.java:335)
	at java.lang.ClassLoader.loadClass(ClassLoader.java:357)
	... 39 more
2017-08-19 22:11:59,459 - Trying to use logger class org.apache.velocity.runtime.log.Log4JLogChute
2017-08-19 22:11:59,459 - Using logger class org.apache.velocity.runtime.log.Log4JLogChute
2017-08-19 22:11:59,461 - Default ResourceManager initializing. (class org.apache.velocity.runtime.resource.ResourceManagerImpl)
2017-08-19 22:11:59,461 - ResourceLoader instantiated: org.apache.velocity.runtime.resource.loader.FileResourceLoader
2017-08-19 22:11:59,461 - Do unicode file recognition:  false
2017-08-19 22:11:59,461 - FileResourceLoader : adding path '.'
2017-08-19 22:11:59,476 - ResourceCache: initialized (class org.apache.velocity.runtime.resource.ResourceCacheImpl)
2017-08-19 22:11:59,476 - Loaded System Directive: org.apache.velocity.runtime.directive.Literal
2017-08-19 22:11:59,476 - Loaded System Directive: org.apache.velocity.runtime.directive.Macro
2017-08-19 22:11:59,476 - Loaded System Directive: org.apache.velocity.runtime.directive.Parse
2017-08-19 22:11:59,476 - Loaded System Directive: org.apache.velocity.runtime.directive.Include
2017-08-19 22:11:59,481 - Loaded System Directive: org.apache.velocity.runtime.directive.Foreach
2017-08-19 22:11:59,501 - Created '20' parsers.
2017-08-19 22:11:59,506 - Velocimacro : "velocimacro.library" is not set.  Trying default library: VM_global_library.vm
2017-08-19 22:11:59,506 - Velocimacro : Default library not found.
2017-08-19 22:11:59,506 - Velocimacro : allowInline = true : VMs can be defined inline in templates
2017-08-19 22:11:59,506 - Velocimacro : allowInlineToOverride = false : VMs defined inline may NOT replace previous VM definitions
2017-08-19 22:11:59,506 - Velocimacro : allowInlineLocal = false : VMs defined inline will be global in scope if allowed.
2017-08-19 22:11:59,506 - Velocimacro : autoload off : VM system will not automatically reload global library macros
2017-08-19 22:11:59,516 - Null reference [template '', line 3, column 3] : ${weather.city} cannot be resolved.
2017-08-19 22:11:59,516 - Null reference [template '', line 3, column 20] : ${weather.region} cannot be resolved.
2017-08-19 22:11:59,516 - Null reference [template '', line 3, column 39] : ${weather.country} cannot be resolved.
2017-08-19 22:11:59,516 - Null reference [template '', line 5, column 15] : ${weather.temp} cannot be resolved.
2017-08-19 22:11:59,516 - Null reference [template '', line 6, column 15] : ${weather.condition} cannot be resolved.
2017-08-19 22:11:59,516 - Null reference [template '', line 7, column 15] : ${weather.humidity} cannot be resolved.
2017-08-19 22:11:59,516 - Null reference [template '', line 8, column 15] : ${weather.chill} cannot be resolved.
